<?xml version="1.0" encoding="UTF-8"?>
<!-- Generated by org.testng.reporters.JUnitXMLReporter -->
<testsuite hostname="Abhinav-PC" name="Test Execution On Firefox" tests="4" failures="0" timestamp="8 Dec 2016 09:01:37 GMT" time="123.845" errors="0">
  <testcase name="verifyLoginPage" time="1.662" classname="testscripts.LoginPage_Test"/>
  <testcase name="verifyLinksOnHomePage" time="13.173" classname="testscripts.HomePage_Test"/>
  <testcase name="verifyLinksPages" time="39.081" classname="testscripts.HomePage_Test"/>
  <testcase name="vrifyHomePage" time="0.804" classname="testscripts.HomePage_Test"/>
</testsuite> <!-- Test Execution On Firefox -->
